<?xml version="1.0" encoding="UTF-8"?>
<!-- Generated by org.testng.reporters.JUnitReportReporter -->
<testsuite hostname="DESKTOP-E57FEQI" failures="0" tests="6" name="TestNG.TestNG_Group" time="0.087" errors="0" timestamp="2023-01-30T21:46:01 IST" skipped="0">
  <testcase classname="TestNG.TestNG_Group" name="TC1" time="0.043"/>
  <system-out/>
  <testcase classname="TestNG.TestNG_Group" name="TC2" time="0.011"/>
  <system-out/>
  <testcase classname="TestNG.TestNG_Group" name="TC3" time="0.008"/>
  <system-out/>
  <testcase classname="TestNG.TestNG_Group" name="TC5" time="0.011"/>
  <system-out/>
  <testcase classname="TestNG.TestNG_Group" name="TC4" time="0.008"/>
  <system-out/>
  <testcase classname="TestNG.TestNG_Group" name="TC6" time="0.006"/>
  <system-out/>
</testsuite> <!-- TestNG.TestNG_Group -->
