<?xml version="1.0" encoding="UTF-8"?>
<!-- Generated by org.testng.reporters.JUnitReportReporter -->
<testsuite hostname="DESKTOP-E57FEQI" failures="0" tests="4" name="TestNG.dataProviderAnnotation" time="0.071" errors="0" timestamp="2023-01-31T21:19:29 IST" skipped="0">
  <testcase classname="TestNG.dataProviderAnnotation" name="TC1" time="0.004"/>
  <system-out/>
  <testcase classname="TestNG.dataProviderAnnotation" name="TC1" time="0.040"/>
  <system-out/>
  <testcase classname="TestNG.dataProviderAnnotation" name="TC1" time="0.015"/>
  <system-out/>
  <testcase classname="TestNG.dataProviderAnnotation" name="TC1" time="0.012"/>
  <system-out/>
</testsuite> <!-- TestNG.dataProviderAnnotation -->
