<?xml version="1.0" encoding="UTF-8"?>
<!-- Generated by org.testng.reporters.JUnitReportReporter -->
<testsuite hostname="DESKTOP-E57FEQI" failures="0" tests="1" name="TestNG.testNGTestClass" time="0.035" errors="0" timestamp="2023-01-18T21:40:08 IST" skipped="0">
  <testcase classname="TestNG.testNGTestClass" name="TC1" time="0.035"/>
  <system-out>
    <![CDATA[Quantum Academy
Quantum Academy
Quantum Academy]]>
  </system-out>
</testsuite> <!-- TestNG.testNGTestClass -->
